[20-Mar-2016 23:08:28 CST6CDT] mail() on [/home/krowner5/public_html/www.krowner.ca/subscribe.php:19]: To: crowfect@gmail.com -- Headers: MIME-Version: 1.0  Content-type:text/html;charset=UTF-8  From: Krowner <leads@krowner.com>
[20-Mar-2016 23:09:58 CST6CDT] mail() on [/home/krowner5/public_html/www.krowner.ca/subscribe.php:19]: To: crowfect@gmail.com -- Headers: MIME-Version: 1.0  Content-type:text/html;charset=UTF-8  From: Krowner <leads@krowner.com>
[20-Mar-2016 23:10:02 CST6CDT] mail() on [/home/krowner5/public_html/www.krowner.ca/subscribe.php:19]: To: crowfect@gmail.com -- Headers: MIME-Version: 1.0  Content-type:text/html;charset=UTF-8  From: Krowner <leads@krowner.com>
[20-Mar-2016 23:10:03 CST6CDT] mail() on [/home/krowner5/public_html/www.krowner.ca/subscribe.php:19]: To: crowfect@gmail.com -- Headers: MIME-Version: 1.0  Content-type:text/html;charset=UTF-8  From: Krowner <leads@krowner.com>
[21-Mar-2016 00:34:46 CST6CDT] mail() on [/home/krowner5/public_html/www.krowner.ca/subscribe.php:19]: To: crowfect@gmail.com -- Headers: MIME-Version: 1.0  Content-type:text/html;charset=UTF-8  From: Krowner <leads@krowner.com>
[21-Mar-2016 00:34:47 CST6CDT] mail() on [/home/krowner5/public_html/www.krowner.ca/subscribe.php:19]: To: crowfect@gmail.com -- Headers: MIME-Version: 1.0  Content-type:text/html;charset=UTF-8  From: Krowner <leads@krowner.com>
[22-Mar-2016 00:29:47 CST6CDT] mail() on [/home/krowner5/public_html/www.krowner.ca/subscribe.php:19]: To: crowfect@gmail.com -- Headers: MIME-Version: 1.0  Content-type:text/html;charset=UTF-8  From: Krowner <leads@krowner.com>
[22-Mar-2016 00:29:48 CST6CDT] mail() on [/home/krowner5/public_html/www.krowner.ca/subscribe.php:19]: To: crowfect@gmail.com -- Headers: MIME-Version: 1.0  Content-type:text/html;charset=UTF-8  From: Krowner <leads@krowner.com>
[23-Mar-2016 00:30:33 CST6CDT] mail() on [/home/krowner5/public_html/www.krowner.ca/subscribe.php:19]: To: crowfect@gmail.com -- Headers: MIME-Version: 1.0  Content-type:text/html;charset=UTF-8  From: Krowner <leads@krowner.com>
[23-Mar-2016 00:30:35 CST6CDT] mail() on [/home/krowner5/public_html/www.krowner.ca/subscribe.php:19]: To: crowfect@gmail.com -- Headers: MIME-Version: 1.0  Content-type:text/html;charset=UTF-8  From: Krowner <leads@krowner.com>
[24-Mar-2016 00:52:39 CST6CDT] mail() on [/home/krowner5/public_html/www.krowner.ca/subscribe.php:19]: To: crowfect@gmail.com -- Headers: MIME-Version: 1.0  Content-type:text/html;charset=UTF-8  From: Krowner <leads@krowner.com>
[24-Mar-2016 00:52:41 CST6CDT] mail() on [/home/krowner5/public_html/www.krowner.ca/subscribe.php:19]: To: crowfect@gmail.com -- Headers: MIME-Version: 1.0  Content-type:text/html;charset=UTF-8  From: Krowner <leads@krowner.com>
[25-Mar-2016 00:33:39 CST6CDT] mail() on [/home/krowner5/public_html/www.krowner.ca/subscribe.php:19]: To: crowfect@gmail.com -- Headers: MIME-Version: 1.0  Content-type:text/html;charset=UTF-8  From: Krowner <leads@krowner.com>
[25-Mar-2016 00:33:42 CST6CDT] mail() on [/home/krowner5/public_html/www.krowner.ca/subscribe.php:19]: To: crowfect@gmail.com -- Headers: MIME-Version: 1.0  Content-type:text/html;charset=UTF-8  From: Krowner <leads@krowner.com>
[26-Mar-2016 00:38:57 CST6CDT] mail() on [/home/krowner5/public_html/www.krowner.ca/subscribe.php:19]: To: crowfect@gmail.com -- Headers: MIME-Version: 1.0  Content-type:text/html;charset=UTF-8  From: Krowner <leads@krowner.com>
[26-Mar-2016 00:38:59 CST6CDT] mail() on [/home/krowner5/public_html/www.krowner.ca/subscribe.php:19]: To: crowfect@gmail.com -- Headers: MIME-Version: 1.0  Content-type:text/html;charset=UTF-8  From: Krowner <leads@krowner.com>
[27-Mar-2016 00:36:57 CST6CDT] mail() on [/home/krowner5/public_html/www.krowner.ca/subscribe.php:19]: To: crowfect@gmail.com -- Headers: MIME-Version: 1.0  Content-type:text/html;charset=UTF-8  From: Krowner <leads@krowner.com>
[27-Mar-2016 00:36:59 CST6CDT] mail() on [/home/krowner5/public_html/www.krowner.ca/subscribe.php:19]: To: crowfect@gmail.com -- Headers: MIME-Version: 1.0  Content-type:text/html;charset=UTF-8  From: Krowner <leads@krowner.com>
[28-Mar-2016 01:48:30 CST6CDT] mail() on [/home/krowner5/public_html/www.krowner.ca/subscribe.php:19]: To: crowfect@gmail.com -- Headers: MIME-Version: 1.0  Content-type:text/html;charset=UTF-8  From: Krowner <leads@krowner.com>
[28-Mar-2016 01:48:33 CST6CDT] mail() on [/home/krowner5/public_html/www.krowner.ca/subscribe.php:19]: To: crowfect@gmail.com -- Headers: MIME-Version: 1.0  Content-type:text/html;charset=UTF-8  From: Krowner <leads@krowner.com>
[29-Mar-2016 00:34:36 CST6CDT] mail() on [/home/krowner5/public_html/www.krowner.ca/subscribe.php:19]: To: crowfect@gmail.com -- Headers: MIME-Version: 1.0  Content-type:text/html;charset=UTF-8  From: Krowner <leads@krowner.com>
[29-Mar-2016 00:34:37 CST6CDT] mail() on [/home/krowner5/public_html/www.krowner.ca/subscribe.php:19]: To: crowfect@gmail.com -- Headers: MIME-Version: 1.0  Content-type:text/html;charset=UTF-8  From: Krowner <leads@krowner.com>
[30-Mar-2016 01:00:22 CST6CDT] mail() on [/home/krowner5/public_html/www.krowner.ca/subscribe.php:19]: To: crowfect@gmail.com -- Headers: MIME-Version: 1.0  Content-type:text/html;charset=UTF-8  From: Krowner <leads@krowner.com>
[30-Mar-2016 01:00:24 CST6CDT] mail() on [/home/krowner5/public_html/www.krowner.ca/subscribe.php:19]: To: crowfect@gmail.com -- Headers: MIME-Version: 1.0  Content-type:text/html;charset=UTF-8  From: Krowner <leads@krowner.com>
[31-Mar-2016 00:37:12 CST6CDT] mail() on [/home/krowner5/public_html/www.krowner.ca/subscribe.php:19]: To: crowfect@gmail.com -- Headers: MIME-Version: 1.0  Content-type:text/html;charset=UTF-8  From: Krowner <leads@krowner.com>
[31-Mar-2016 00:37:13 CST6CDT] mail() on [/home/krowner5/public_html/www.krowner.ca/subscribe.php:19]: To: crowfect@gmail.com -- Headers: MIME-Version: 1.0  Content-type:text/html;charset=UTF-8  From: Krowner <leads@krowner.com>
[01-Apr-2016 00:38:35 CST6CDT] mail() on [/home/krowner5/public_html/www.krowner.ca/subscribe.php:19]: To: crowfect@gmail.com -- Headers: MIME-Version: 1.0  Content-type:text/html;charset=UTF-8  From: Krowner <leads@krowner.com>
[01-Apr-2016 00:38:37 CST6CDT] mail() on [/home/krowner5/public_html/www.krowner.ca/subscribe.php:19]: To: crowfect@gmail.com -- Headers: MIME-Version: 1.0  Content-type:text/html;charset=UTF-8  From: Krowner <leads@krowner.com>
[02-Apr-2016 00:38:34 CST6CDT] mail() on [/home/krowner5/public_html/www.krowner.ca/subscribe.php:19]: To: crowfect@gmail.com -- Headers: MIME-Version: 1.0  Content-type:text/html;charset=UTF-8  From: Krowner <leads@krowner.com>
[02-Apr-2016 00:38:36 CST6CDT] mail() on [/home/krowner5/public_html/www.krowner.ca/subscribe.php:19]: To: crowfect@gmail.com -- Headers: MIME-Version: 1.0  Content-type:text/html;charset=UTF-8  From: Krowner <leads@krowner.com>
[02-Apr-2016 03:23:13 CST6CDT] mail() on [/home/krowner5/public_html/www.krowner.ca/subscribe.php:19]: To: crowfect@gmail.com -- Headers: MIME-Version: 1.0  Content-type:text/html;charset=UTF-8  From: Krowner <leads@krowner.com>
[02-Apr-2016 03:23:19 CST6CDT] mail() on [/home/krowner5/public_html/www.krowner.ca/subscribe.php:19]: To: crowfect@gmail.com -- Headers: MIME-Version: 1.0  Content-type:text/html;charset=UTF-8  From: Krowner <leads@krowner.com>
[02-Apr-2016 03:23:25 CST6CDT] mail() on [/home/krowner5/public_html/www.krowner.ca/subscribe.php:19]: To: crowfect@gmail.com -- Headers: MIME-Version: 1.0  Content-type:text/html;charset=UTF-8  From: Krowner <leads@krowner.com>
[02-Apr-2016 03:23:42 CST6CDT] mail() on [/home/krowner5/public_html/www.krowner.ca/subscribe.php:19]: To: crowfect@gmail.com -- Headers: MIME-Version: 1.0  Content-type:text/html;charset=UTF-8  From: Krowner <leads@krowner.com>
[02-Apr-2016 03:33:36 CST6CDT] mail() on [/home/krowner5/public_html/www.krowner.ca/subscribe.php:20]: To: mrumarasghar@gmail.com -- Headers: MIME-Version: 1.0  Content-type:text/html;charset=UTF-8  From: Krowner <leads@krowner.com>
[02-Apr-2016 03:38:29 CST6CDT] mail() on [/home/krowner5/public_html/www.krowner.ca/subscribe.php:20]: To: mrumarasghar@gmail.com -- Headers: MIME-Version: 1.0  Content-type:text/html;charset=UTF-8  From: Krowner <leads@krowner.com>
[02-Apr-2016 03:51:48 CST6CDT] mail() on [/home/krowner5/public_html/www.krowner.ca/subscribe.php:20]: To: mrumarasghar@gmail.com -- Headers: MIME-Version: 1.0  Content-type:text/html;charset=UTF-8  From: Krowner <leads@krowner.com>
[02-Apr-2016 04:01:26 CST6CDT] mail() on [/home/krowner5/public_html/www.krowner.ca/subscribe.php:20]: To: mrumarasghar@gmail.com -- Headers: MIME-Version: 1.0  Content-type:text/html;charset=UTF-8  From: Krowner <leads@krowner.com>
[02-Apr-2016 04:02:29 CST6CDT] mail() on [/home/krowner5/public_html/www.krowner.ca/subscribe.php:20]: To: mrumarasghar@gmail.com -- Headers: MIME-Version: 1.0  Content-type:text/html;charset=UTF-8  From: Krowner <leads@krowner.com>
[02-Apr-2016 04:05:47 CST6CDT] mail() on [/home/krowner5/public_html/www.krowner.ca/subscribe.php:21]: To: mrumarasghar@gmail.com -- Headers: MIME-Version: 1.0  Content-type:text/html;charset=UTF-8  From: Krowner <leads@krowner.com>
[02-Apr-2016 04:05:47 CST6CDT] mail() on [/home/krowner5/public_html/www.krowner.ca/subscribe.php:24]: To: umarmughal824@gmail.com -- Headers: MIME-Version: 1.0  Content-type:text/html;charset=UTF-8  From: Krowner <leads@krowner.com>
[02-Apr-2016 05:25:10 CST6CDT] mail() on [/home/krowner5/public_html/www.krowner.ca/subscribe.php:21]: To: mrumarasghar@gmail.com -- Headers: MIME-Version: 1.0  Content-type:text/html;charset=UTF-8  From: Krowner <leads@krowner.com>
[02-Apr-2016 05:25:10 CST6CDT] mail() on [/home/krowner5/public_html/www.krowner.ca/subscribe.php:24]: To: imuhammadjabbar@gmail.com -- Headers: MIME-Version: 1.0  Content-type:text/html;charset=UTF-8  From: Krowner <leads@krowner.com>
[02-Apr-2016 05:51:51 CST6CDT] mail() on [/home/krowner5/public_html/www.krowner.ca/subscribe.php:21]: To: mrumarasghar@gmail.com -- Headers: MIME-Version: 1.0  Content-type:text/html;charset=UTF-8  From: Krowner <leads@krowner.com>
[02-Apr-2016 05:51:51 CST6CDT] mail() on [/home/krowner5/public_html/www.krowner.ca/subscribe.php:24]: To: mrumarasghar@gmail.com -- Headers: MIME-Version: 1.0  Content-type:text/html;charset=UTF-8  From: Krowner <leads@krowner.com>
[02-Apr-2016 05:52:56 CST6CDT] mail() on [/home/krowner5/public_html/www.krowner.ca/subscribe.php:21]: To: mrumarasghar@gmail.com -- Headers: MIME-Version: 1.0  Content-type:text/html;charset=UTF-8  From: Krowner <leads@krowner.com>
[02-Apr-2016 05:52:56 CST6CDT] mail() on [/home/krowner5/public_html/www.krowner.ca/subscribe.php:24]: To: abc@abc.com -- Headers: MIME-Version: 1.0  Content-type:text/html;charset=UTF-8  From: Krowner <leads@krowner.com>
[02-Apr-2016 05:53:06 CST6CDT] mail() on [/home/krowner5/public_html/www.krowner.ca/subscribe.php:21]: To: mrumarasghar@gmail.com -- Headers: MIME-Version: 1.0  Content-type:text/html;charset=UTF-8  From: Krowner <leads@krowner.com>
[02-Apr-2016 05:53:06 CST6CDT] mail() on [/home/krowner5/public_html/www.krowner.ca/subscribe.php:24]: To: mrumarasghar@gmail.com -- Headers: MIME-Version: 1.0  Content-type:text/html;charset=UTF-8  From: Krowner <leads@krowner.com>
[02-Apr-2016 05:53:06 CST6CDT] mail() on [/home/krowner5/public_html/www.krowner.ca/subscribe.php:21]: To: mrumarasghar@gmail.com -- Headers: MIME-Version: 1.0  Content-type:text/html;charset=UTF-8  From: Krowner <leads@krowner.com>
[02-Apr-2016 05:53:06 CST6CDT] mail() on [/home/krowner5/public_html/www.krowner.ca/subscribe.php:24]: To:  -- Headers: MIME-Version: 1.0  Content-type:text/html;charset=UTF-8  From: Krowner <leads@krowner.com>
[02-Apr-2016 06:08:44 CST6CDT] mail() on [/home/krowner5/public_html/www.krowner.ca/subscribe.php:21]: To: mrumarasghar@gmail.com -- Headers: MIME-Version: 1.0  Content-type:text/html;charset=UTF-8  From: Krowner <leads@krowner.com>
[02-Apr-2016 06:08:44 CST6CDT] mail() on [/home/krowner5/public_html/www.krowner.ca/subscribe.php:24]: To:  -- Headers: MIME-Version: 1.0  Content-type:text/html;charset=UTF-8  From: Krowner <leads@krowner.com>
[02-Apr-2016 06:35:51 CST6CDT] mail() on [/home/krowner5/public_html/www.krowner.ca/subscribe.php:21]: To: mrumarasghar@gmail.com -- Headers: MIME-Version: 1.0  Content-type:text/html;charset=UTF-8  From: Krowner <leads@krowner.com>
[02-Apr-2016 06:35:51 CST6CDT] mail() on [/home/krowner5/public_html/www.krowner.ca/subscribe.php:24]: To:  -- Headers: MIME-Version: 1.0  Content-type:text/html;charset=UTF-8  From: Krowner <leads@krowner.com>
[02-Apr-2016 06:37:22 CST6CDT] mail() on [/home/krowner5/public_html/www.krowner.ca/subscribe.php:21]: To: mrumarasghar@gmail.com -- Headers: MIME-Version: 1.0  Content-type:text/html;charset=UTF-8  From: Krowner <leads@krowner.com>
[02-Apr-2016 06:37:22 CST6CDT] mail() on [/home/krowner5/public_html/www.krowner.ca/subscribe.php:24]: To:  -- Headers: MIME-Version: 1.0  Content-type:text/html;charset=UTF-8  From: Krowner <leads@krowner.com>
[02-Apr-2016 06:39:56 CST6CDT] mail() on [/home/krowner5/public_html/www.krowner.ca/subscribe.php:21]: To: mrumarasghar@gmail.com -- Headers: MIME-Version: 1.0  Content-type:text/html;charset=UTF-8  From: Krowner <leads@krowner.com>
[02-Apr-2016 06:39:56 CST6CDT] mail() on [/home/krowner5/public_html/www.krowner.ca/subscribe.php:24]: To: mrumarasghar@gmail.com -- Headers: MIME-Version: 1.0  Content-type:text/html;charset=UTF-8  From: Krowner <leads@krowner.com>
[02-Apr-2016 06:40:40 CST6CDT] mail() on [/home/krowner5/public_html/www.krowner.ca/subscribe.php:21]: To: mrumarasghar@gmail.com -- Headers: MIME-Version: 1.0  Content-type:text/html;charset=UTF-8  From: Krowner <leads@krowner.com>
[02-Apr-2016 06:40:40 CST6CDT] mail() on [/home/krowner5/public_html/www.krowner.ca/subscribe.php:24]: To: mrumarasghar@gmail.com -- Headers: MIME-Version: 1.0  Content-type:text/html;charset=UTF-8  From: Krowner <leads@krowner.com>
[02-Apr-2016 06:40:40 CST6CDT] mail() on [/home/krowner5/public_html/www.krowner.ca/subscribe.php:21]: To: mrumarasghar@gmail.com -- Headers: MIME-Version: 1.0  Content-type:text/html;charset=UTF-8  From: Krowner <leads@krowner.com>
[02-Apr-2016 06:40:40 CST6CDT] mail() on [/home/krowner5/public_html/www.krowner.ca/subscribe.php:24]: To: mrumarasghar@gmail.com -- Headers: MIME-Version: 1.0  Content-type:text/html;charset=UTF-8  From: Krowner <leads@krowner.com>
[02-Apr-2016 06:40:40 CST6CDT] mail() on [/home/krowner5/public_html/www.krowner.ca/subscribe.php:21]: To: mrumarasghar@gmail.com -- Headers: MIME-Version: 1.0  Content-type:text/html;charset=UTF-8  From: Krowner <leads@krowner.com>
[02-Apr-2016 06:40:40 CST6CDT] mail() on [/home/krowner5/public_html/www.krowner.ca/subscribe.php:24]: To: mrumarasghar@gmail.com -- Headers: MIME-Version: 1.0  Content-type:text/html;charset=UTF-8  From: Krowner <leads@krowner.com>
[02-Apr-2016 06:40:40 CST6CDT] mail() on [/home/krowner5/public_html/www.krowner.ca/subscribe.php:21]: To: mrumarasghar@gmail.com -- Headers: MIME-Version: 1.0  Content-type:text/html;charset=UTF-8  From: Krowner <leads@krowner.com>
[02-Apr-2016 06:40:40 CST6CDT] mail() on [/home/krowner5/public_html/www.krowner.ca/subscribe.php:24]: To: mrumarasghar@gmail.com -- Headers: MIME-Version: 1.0  Content-type:text/html;charset=UTF-8  From: Krowner <leads@krowner.com>
[02-Apr-2016 06:40:40 CST6CDT] mail() on [/home/krowner5/public_html/www.krowner.ca/subscribe.php:21]: To: mrumarasghar@gmail.com -- Headers: MIME-Version: 1.0  Content-type:text/html;charset=UTF-8  From: Krowner <leads@krowner.com>
[02-Apr-2016 06:40:41 CST6CDT] mail() on [/home/krowner5/public_html/www.krowner.ca/subscribe.php:24]: To: mrumarasghar@gmail.com -- Headers: MIME-Version: 1.0  Content-type:text/html;charset=UTF-8  From: Krowner <leads@krowner.com>
[02-Apr-2016 06:40:42 CST6CDT] mail() on [/home/krowner5/public_html/www.krowner.ca/subscribe.php:21]: To: mrumarasghar@gmail.com -- Headers: MIME-Version: 1.0  Content-type:text/html;charset=UTF-8  From: Krowner <leads@krowner.com>
[02-Apr-2016 06:40:42 CST6CDT] mail() on [/home/krowner5/public_html/www.krowner.ca/subscribe.php:24]: To: mrumarasghar@gmail.com -- Headers: MIME-Version: 1.0  Content-type:text/html;charset=UTF-8  From: Krowner <leads@krowner.com>
[02-Apr-2016 06:43:31 CST6CDT] mail() on [/home/krowner5/public_html/www.krowner.ca/subscribe.php:21]: To: mrumarasghar@gmail.com -- Headers: MIME-Version: 1.0  Content-type:text/html;charset=UTF-8  From: Krowner <leads@krowner.com>
[02-Apr-2016 06:43:31 CST6CDT] mail() on [/home/krowner5/public_html/www.krowner.ca/subscribe.php:24]: To: mrumarasghar@gmail.com -- Headers: MIME-Version: 1.0  Content-type:text/html;charset=UTF-8  From: Krowner <leads@krowner.com>
[02-Apr-2016 06:45:26 CST6CDT] mail() on [/home/krowner5/public_html/www.krowner.ca/subscribe.php:21]: To: mrumarasghar@gmail.com -- Headers: MIME-Version: 1.0  Content-type:text/html;charset=UTF-8  From: Krowner <leads@krowner.com>
[02-Apr-2016 06:45:26 CST6CDT] mail() on [/home/krowner5/public_html/www.krowner.ca/subscribe.php:24]: To: mrumarasghar@gmail.com -- Headers: MIME-Version: 1.0  Content-type:text/html;charset=UTF-8  From: Krowner <leads@krowner.com>
[02-Apr-2016 06:47:17 CST6CDT] mail() on [/home/krowner5/public_html/www.krowner.ca/subscribe.php:21]: To: mrumarasghar@gmail.com -- Headers: MIME-Version: 1.0  Content-type:text/html;charset=UTF-8  From: Krowner <leads@krowner.com>
[02-Apr-2016 06:47:17 CST6CDT] mail() on [/home/krowner5/public_html/www.krowner.ca/subscribe.php:24]: To: mrumarasghar@gmail.com -- Headers: MIME-Version: 1.0  Content-type:text/html;charset=UTF-8  From: Krowner <leads@krowner.com>
[02-Apr-2016 06:53:01 CST6CDT] mail() on [/home/krowner5/public_html/www.krowner.ca/subscribe.php:21]: To: mrumarasghar@gmail.com -- Headers: MIME-Version: 1.0  Content-type:text/html;charset=UTF-8  From: Krowner <leads@krowner.com>
[02-Apr-2016 06:53:01 CST6CDT] mail() on [/home/krowner5/public_html/www.krowner.ca/subscribe.php:24]: To: mrumarasghar@gmail.com -- Headers: MIME-Version: 1.0  Content-type:text/html;charset=UTF-8  From: Krowner <leads@krowner.com>
[02-Apr-2016 06:54:28 CST6CDT] mail() on [/home/krowner5/public_html/www.krowner.ca/subscribe.php:21]: To: mrumarasghar@gmail.com -- Headers: MIME-Version: 1.0  Content-type:text/html;charset=UTF-8  From: Krowner <leads@krowner.com>
[02-Apr-2016 06:54:28 CST6CDT] mail() on [/home/krowner5/public_html/www.krowner.ca/subscribe.php:24]: To: mrumarasghar@gmail.com -- Headers: MIME-Version: 1.0  Content-type:text/html;charset=UTF-8  From: Krowner <leads@krowner.com>
[02-Apr-2016 07:10:39 CST6CDT] mail() on [/home/krowner5/public_html/www.krowner.ca/subscribe.php:21]: To: mrumarasghar@gmail.com -- Headers: MIME-Version: 1.0  Content-type:text/html;charset=UTF-8  From: Krowner <leads@krowner.com>
[02-Apr-2016 07:10:39 CST6CDT] mail() on [/home/krowner5/public_html/www.krowner.ca/subscribe.php:24]: To: mrumarasghar@gmail.com -- Headers: MIME-Version: 1.0  Content-type:text/html;charset=UTF-8  From: Krowner <leads@krowner.com>
[02-Apr-2016 07:13:15 CST6CDT] mail() on [/home/krowner5/public_html/www.krowner.ca/subscribe.php:21]: To: mrumarasghar@gmail.com -- Headers: MIME-Version: 1.0  Content-type:text/html;charset=UTF-8  From: Krowner <leads@krowner.com>
[02-Apr-2016 07:13:15 CST6CDT] mail() on [/home/krowner5/public_html/www.krowner.ca/subscribe.php:24]: To: umarmughal824@gmail.com -- Headers: MIME-Version: 1.0  Content-type:text/html;charset=UTF-8  From: Krowner <leads@krowner.com>
[02-Apr-2016 07:15:05 CST6CDT] mail() on [/home/krowner5/public_html/www.krowner.ca/subscribe.php:21]: To: mrumarasghar@gmail.com -- Headers: MIME-Version: 1.0  Content-type:text/html;charset=UTF-8  From: Krowner <leads@krowner.com>
[02-Apr-2016 07:15:05 CST6CDT] mail() on [/home/krowner5/public_html/www.krowner.ca/subscribe.php:24]: To: mrumarasghar@gmail.com -- Headers: MIME-Version: 1.0  Content-type:text/html;charset=UTF-8  From: Krowner <leads@krowner.com>
[02-Apr-2016 07:15:59 CST6CDT] mail() on [/home/krowner5/public_html/www.krowner.ca/subscribe.php:21]: To: mrumarasghar@gmail.com -- Headers: MIME-Version: 1.0  Content-type:text/html;charset=UTF-8  From: Krowner <leads@krowner.com>
[02-Apr-2016 07:15:59 CST6CDT] mail() on [/home/krowner5/public_html/www.krowner.ca/subscribe.php:24]: To: mrumarasghar@gmail.com -- Headers: MIME-Version: 1.0  Content-type:text/html;charset=UTF-8  From: Krowner <leads@krowner.com>
[02-Apr-2016 07:18:01 CST6CDT] mail() on [/home/krowner5/public_html/www.krowner.ca/subscribe.php:21]: To: mrumarasghar@gmail.com -- Headers: MIME-Version: 1.0  Content-type:text/html;charset=UTF-8  From: Krowner <leads@krowner.com>
[02-Apr-2016 07:18:01 CST6CDT] mail() on [/home/krowner5/public_html/www.krowner.ca/subscribe.php:24]: To: mrumarasghar@gmail.com -- Headers: MIME-Version: 1.0  Content-type:text/html;charset=UTF-8  From: Krowner <leads@krowner.com>
[02-Apr-2016 07:19:34 CST6CDT] mail() on [/home/krowner5/public_html/www.krowner.ca/subscribe.php:21]: To: mrumarasghar@gmail.com -- Headers: MIME-Version: 1.0  Content-type:text/html;charset=UTF-8  From: Krowner <leads@krowner.com>
[02-Apr-2016 07:19:34 CST6CDT] mail() on [/home/krowner5/public_html/www.krowner.ca/subscribe.php:24]: To: umarmughal824@gmail.com -- Headers: MIME-Version: 1.0  Content-type:text/html;charset=UTF-8  From: Krowner <leads@krowner.com>
[02-Apr-2016 07:20:18 CST6CDT] mail() on [/home/krowner5/public_html/www.krowner.ca/subscribe.php:21]: To: mrumarasghar@gmail.com -- Headers: MIME-Version: 1.0  Content-type:text/html;charset=UTF-8  From: Krowner <leads@krowner.com>
[02-Apr-2016 07:20:18 CST6CDT] mail() on [/home/krowner5/public_html/www.krowner.ca/subscribe.php:24]: To: umarmughal824@gmail.com -- Headers: MIME-Version: 1.0  Content-type:text/html;charset=UTF-8  From: Krowner <leads@krowner.com>
[02-Apr-2016 07:25:52 CST6CDT] mail() on [/home/krowner5/public_html/www.krowner.ca/subscribe.php:21]: To: mrumarasghar@gmail.com -- Headers: MIME-Version: 1.0  Content-type:text/html;charset=UTF-8  From: Krowner <leads@krowner.com>
[02-Apr-2016 07:25:52 CST6CDT] mail() on [/home/krowner5/public_html/www.krowner.ca/subscribe.php:24]: To: umarmughal824@gmail.com -- Headers: MIME-Version: 1.0  Content-type:text/html;charset=UTF-8  From: Krowner <leads@krowner.com>
[02-Apr-2016 07:28:32 CST6CDT] mail() on [/home/krowner5/public_html/www.krowner.ca/subscribe.php:21]: To: mrumarasghar@gmail.com -- Headers: MIME-Version: 1.0  Content-type:text/html;charset=UTF-8  From: Krowner <leads@krowner.com>
[02-Apr-2016 07:28:32 CST6CDT] mail() on [/home/krowner5/public_html/www.krowner.ca/subscribe.php:24]: To: umarmughal824@gmail.com -- Headers: MIME-Version: 1.0  Content-type:text/html;charset=UTF-8  From: Krowner <leads@krowner.com>
[02-Apr-2016 07:34:04 CST6CDT] mail() on [/home/krowner5/public_html/www.krowner.ca/subscribe.php:21]: To: imuhammadjabbar@gmail.com -- Headers: MIME-Version: 1.0  Content-type:text/html;charset=UTF-8  From: Krowner <leads@krowner.com>
[02-Apr-2016 07:34:04 CST6CDT] mail() on [/home/krowner5/public_html/www.krowner.ca/subscribe.php:24]: To: abd@gmail.com -- Headers: MIME-Version: 1.0  Content-type:text/html;charset=UTF-8  From: Krowner <leads@krowner.com>
[02-Apr-2016 07:36:01 CST6CDT] mail() on [/home/krowner5/public_html/www.krowner.ca/subscribe.php:21]: To: imuhammadjabbar@gmail.com -- Headers: MIME-Version: 1.0  Content-type:text/html;charset=UTF-8  From: Krowner <leads@krowner.com>
[02-Apr-2016 07:36:01 CST6CDT] mail() on [/home/krowner5/public_html/www.krowner.ca/subscribe.php:24]: To: abd@gmail.com -- Headers: MIME-Version: 1.0  Content-type:text/html;charset=UTF-8  From: Krowner <leads@krowner.com>
[02-Apr-2016 07:36:06 CST6CDT] mail() on [/home/krowner5/public_html/www.krowner.ca/subscribe.php:21]: To: imuhammadjabbar@gmail.com -- Headers: MIME-Version: 1.0  Content-type:text/html;charset=UTF-8  From: Krowner <leads@krowner.com>
[02-Apr-2016 07:36:06 CST6CDT] mail() on [/home/krowner5/public_html/www.krowner.ca/subscribe.php:24]: To: abd@gmail.com -- Headers: MIME-Version: 1.0  Content-type:text/html;charset=UTF-8  From: Krowner <leads@krowner.com>
[02-Apr-2016 07:36:20 CST6CDT] mail() on [/home/krowner5/public_html/www.krowner.ca/subscribe.php:21]: To: imuhammadjabbar@gmail.com -- Headers: MIME-Version: 1.0  Content-type:text/html;charset=UTF-8  From: Krowner <leads@krowner.com>
[02-Apr-2016 07:36:20 CST6CDT] mail() on [/home/krowner5/public_html/www.krowner.ca/subscribe.php:24]: To: abd@gmail.com -- Headers: MIME-Version: 1.0  Content-type:text/html;charset=UTF-8  From: Krowner <leads@krowner.com>
[02-Apr-2016 07:36:30 CST6CDT] mail() on [/home/krowner5/public_html/www.krowner.ca/subscribe.php:21]: To: imuhammadjabbar@gmail.com -- Headers: MIME-Version: 1.0  Content-type:text/html;charset=UTF-8  From: Krowner <leads@krowner.com>
[02-Apr-2016 07:36:30 CST6CDT] mail() on [/home/krowner5/public_html/www.krowner.ca/subscribe.php:24]: To: abd@gmail.com -- Headers: MIME-Version: 1.0  Content-type:text/html;charset=UTF-8  From: Krowner <leads@krowner.com>
[02-Apr-2016 07:45:59 CST6CDT] mail() on [/home/krowner5/public_html/www.krowner.ca/subscribe.php:21]: To: imuhammadjabbar@gmail.com -- Headers: MIME-Version: 1.0  Content-type:text/html;charset=UTF-8  From: Krowner <leads@krowner.com>
[02-Apr-2016 07:45:59 CST6CDT] mail() on [/home/krowner5/public_html/www.krowner.ca/subscribe.php:24]: To: umarmughal824@gmail.com -- Headers: MIME-Version: 1.0  Content-type:text/html;charset=UTF-8  From: Krowner <leads@krowner.com>
[02-Apr-2016 07:55:10 CST6CDT] mail() on [/home/krowner5/public_html/www.krowner.ca/subscribe.php:21]: To: imuhammadjabbar@gmail.com -- Headers: MIME-Version: 1.0  Content-type:text/html;charset=UTF-8  From: Krowner <leads@krowner.com>
[02-Apr-2016 07:55:10 CST6CDT] mail() on [/home/krowner5/public_html/www.krowner.ca/subscribe.php:24]: To: umarmughal824@gmail.com -- Headers: MIME-Version: 1.0  Content-type:text/html;charset=UTF-8  From: Krowner <leads@krowner.com>
[02-Apr-2016 11:34:34 CST6CDT] mail() on [/home/krowner5/public_html/www.krowner.ca/subscribe.php:21]: To: crowfect@gmail.com -- Headers: MIME-Version: 1.0  Content-type:text/html;charset=UTF-8  From: Krowner <leads@krowner.com>
[02-Apr-2016 11:34:34 CST6CDT] mail() on [/home/krowner5/public_html/www.krowner.ca/subscribe.php:24]: To: imuhammadjabbar@gmail.com -- Headers: MIME-Version: 1.0  Content-type:text/html;charset=UTF-8  From: Krowner <leads@krowner.com>
[02-Apr-2016 11:35:47 CST6CDT] mail() on [/home/krowner5/public_html/www.krowner.ca/subscribe.php:21]: To: crowfect@gmail.com -- Headers: MIME-Version: 1.0  Content-type:text/html;charset=UTF-8  From: Krowner <leads@krowner.com>
[02-Apr-2016 11:35:47 CST6CDT] mail() on [/home/krowner5/public_html/www.krowner.ca/subscribe.php:24]: To: imuhammadjabbar@gmail.com -- Headers: MIME-Version: 1.0  Content-type:text/html;charset=UTF-8  From: Krowner <leads@krowner.com>
[02-Apr-2016 15:31:27 CST6CDT] mail() on [/home/krowner5/public_html/www.krowner.ca/subscribe.php:21]: To: crowfect@gmail.com -- Headers: MIME-Version: 1.0  Content-type:text/html;charset=UTF-8  From: Krowner <leads@krowner.com>
[02-Apr-2016 15:31:27 CST6CDT] mail() on [/home/krowner5/public_html/www.krowner.ca/subscribe.php:24]: To: sabertlili@gmail.com -- Headers: MIME-Version: 1.0  Content-type:text/html;charset=UTF-8  From: Krowner <leads@krowner.com>
[02-Apr-2016 15:32:38 CST6CDT] mail() on [/home/krowner5/public_html/www.krowner.ca/subscribe.php:21]: To: crowfect@gmail.com -- Headers: MIME-Version: 1.0  Content-type:text/html;charset=UTF-8  From: Krowner <leads@krowner.com>
[02-Apr-2016 15:32:38 CST6CDT] mail() on [/home/krowner5/public_html/www.krowner.ca/subscribe.php:24]: To: sabertlili@icloud.com -- Headers: MIME-Version: 1.0  Content-type:text/html;charset=UTF-8  From: Krowner <leads@krowner.com>
[02-Apr-2016 21:26:36 CST6CDT] mail() on [/home/krowner5/public_html/www.krowner.ca/subscribe.php:21]: To: crowfect@gmail.com -- Headers: MIME-Version: 1.0  Content-type:text/html;charset=UTF-8  From: Krowner <leads@krowner.com>
[02-Apr-2016 21:26:36 CST6CDT] mail() on [/home/krowner5/public_html/www.krowner.ca/subscribe.php:24]: To: sab@gmail.com -- Headers: MIME-Version: 1.0  Content-type:text/html;charset=UTF-8  From: Krowner <leads@krowner.com>
[04-Apr-2016 06:40:28 CST6CDT] mail() on [/home/krowner5/public_html/www.krowner.ca/subscribe.php:21]: To: crowfect@gmail.com -- Headers: MIME-Version: 1.0  Content-type:text/html;charset=UTF-8  From: Krowner <leads@krowner.com>
[04-Apr-2016 06:40:28 CST6CDT] mail() on [/home/krowner5/public_html/www.krowner.ca/subscribe.php:24]: To: moussa.zied8@gmail.com -- Headers: MIME-Version: 1.0  Content-type:text/html;charset=UTF-8  From: Krowner <leads@krowner.com>
[12-Apr-2016 05:40:22 CST6CDT] mail() on [/home/krowner5/public_html/www.krowner.ca/subscribe.php:21]: To: crowfect@gmail.com -- Headers: MIME-Version: 1.0  Content-type:text/html;charset=UTF-8  From: Krowner <leads@krowner.com>
[12-Apr-2016 05:40:22 CST6CDT] mail() on [/home/krowner5/public_html/www.krowner.ca/subscribe.php:24]: To: umarmughal824@gmail.com -- Headers: MIME-Version: 1.0  Content-type:text/html;charset=UTF-8  From: Krowner <leads@krowner.com>
[12-Apr-2016 05:47:18 CST6CDT] mail() on [/home/krowner5/public_html/www.krowner.ca/subscribe.php:27]: To: crowfect@gmail.com -- Headers: MIME-Version: 1.0  Content-type:text/html;charset=UTF-8  From: Krowner <leads@krowner.com>
[12-Apr-2016 05:47:18 CST6CDT] mail() on [/home/krowner5/public_html/www.krowner.ca/subscribe.php:30]: To: umarmughal824@gmail.com -- Headers: MIME-Version: 1.0  Content-type:text/html;charset=UTF-8  From: Krowner <leads@krowner.com>
[12-Apr-2016 05:47:52 CST6CDT] mail() on [/home/krowner5/public_html/www.krowner.ca/subscribe.php:27]: To: crowfect@gmail.com -- Headers: MIME-Version: 1.0  Content-type:text/html;charset=UTF-8  From: Krowner <leads@krowner.com>
[12-Apr-2016 05:47:52 CST6CDT] mail() on [/home/krowner5/public_html/www.krowner.ca/subscribe.php:30]: To: umarmughal824@gmail.com -- Headers: MIME-Version: 1.0  Content-type:text/html;charset=UTF-8  From: Krowner <leads@krowner.com>
[12-Apr-2016 05:50:06 CST6CDT] mail() on [/home/krowner5/public_html/www.krowner.ca/subscribe.php:29]: To: crowfect@gmail.com -- Headers: MIME-Version: 1.0  Content-type:text/html;charset=UTF-8  From: Krowner <leads@krowner.com>
[12-Apr-2016 05:50:06 CST6CDT] mail() on [/home/krowner5/public_html/www.krowner.ca/subscribe.php:32]: To: umarmughal824@gmail.com -- Headers: MIME-Version: 1.0  Content-type:text/html;charset=UTF-8  From: Krowner <leads@krowner.com>
[12-Apr-2016 05:54:08 CST6CDT] mail() on [/home/krowner5/public_html/www.krowner.ca/subscribe.php:52]: To: crowfect@gmail.com -- Headers: MIME-Version: 1.0  Content-type:text/html;charset=UTF-8  From: Krowner <leads@krowner.com>
[12-Apr-2016 05:54:08 CST6CDT] mail() on [/home/krowner5/public_html/www.krowner.ca/subscribe.php:55]: To: umarmughal824@yahoo.com -- Headers: MIME-Version: 1.0  Content-type:text/html;charset=UTF-8  From: Krowner <leads@krowner.com>
[12-Apr-2016 06:09:17 CST6CDT] mail() on [/home/krowner5/public_html/www.krowner.ca/subscribe.php:53]: To: crowfect@gmail.com -- Headers: MIME-Version: 1.0  Content-type:text/html;charset=UTF-8  From: Krowner <leads@krowner.com>
[12-Apr-2016 06:09:17 CST6CDT] mail() on [/home/krowner5/public_html/www.krowner.ca/subscribe.php:56]: To: pydjango.laravel@gmail.com -- Headers: MIME-Version: 1.0  Content-type:text/html;charset=UTF-8  From: Krowner <leads@krowner.com>
[12-Apr-2016 06:11:19 CST6CDT] mail() on [/home/krowner5/public_html/www.krowner.ca/subscribe.php:53]: To: crowfect@gmail.com -- Headers: MIME-Version: 1.0  Content-type:text/html;charset=UTF-8  From: Krowner <leads@krowner.com>
[12-Apr-2016 06:11:19 CST6CDT] mail() on [/home/krowner5/public_html/www.krowner.ca/subscribe.php:56]: To: mrumarasghar@gmail.com -- Headers: MIME-Version: 1.0  Content-type:text/html;charset=UTF-8  From: Krowner <leads@krowner.com>
[12-Apr-2016 06:11:27 CST6CDT] mail() on [/home/krowner5/public_html/www.krowner.ca/subscribe.php:53]: To: crowfect@gmail.com -- Headers: MIME-Version: 1.0  Content-type:text/html;charset=UTF-8  From: Krowner <leads@krowner.com>
[12-Apr-2016 06:11:27 CST6CDT] mail() on [/home/krowner5/public_html/www.krowner.ca/subscribe.php:56]: To: imuhammadjabbar@gmail.com -- Headers: MIME-Version: 1.0  Content-type:text/html;charset=UTF-8  From: Krowner <leads@krowner.com>
[16-Apr-2016 23:05:47 CST6CDT] mail() on [/home/krowner5/public_html/www.krowner.pk/subscribe.php:53]: To: crowfect@gmail.com -- Headers: MIME-Version: 1.0  Content-type:text/html;charset=UTF-8  From: Krowner <leads@krowner.com>
[16-Apr-2016 23:05:47 CST6CDT] mail() on [/home/krowner5/public_html/www.krowner.pk/subscribe.php:56]: To: imuhammadjabbar1123@gmail.com -- Headers: MIME-Version: 1.0  Content-type:text/html;charset=UTF-8  From: Krowner <leads@krowner.com>
[17-Apr-2016 14:01:19 CST6CDT] mail() on [/home/krowner5/public_html/www.krowner.pk/subscribe.php:53]: To: crowfect@gmail.com -- Headers: MIME-Version: 1.0  Content-type:text/html;charset=UTF-8  From: Krowner <leads@krowner.com>
[17-Apr-2016 14:01:19 CST6CDT] mail() on [/home/krowner5/public_html/www.krowner.pk/subscribe.php:56]: To: usama4745@gmail.com -- Headers: MIME-Version: 1.0  Content-type:text/html;charset=UTF-8  From: Krowner <leads@krowner.com>
[17-Jan-2018 13:14:29 CST6CDT] mail() on [/home/krowner5/public_html/www.krowner.pk/subscribe.php:53]: To: crowfect@gmail.com -- Headers: MIME-Version: 1.0  Content-type:text/html;charset=UTF-8  From: Krowner <leads@krowner.com>
[17-Jan-2018 13:14:29 CST6CDT] mail() on [/home/krowner5/public_html/www.krowner.pk/subscribe.php:56]: To: imuhammadshahzaib@gmail.com -- Headers: MIME-Version: 1.0  Content-type:text/html;charset=UTF-8  From: Krowner <leads@krowner.com>
